Added Component: Designator=C1(1206)
Add component (AddParameter): Name = "HelpURL"; Value = "https://eu.mouser.com/ProductDetail/Walsin/1206B221M251CT?qs=ZrPdAQfJ6DONB%2FPOr%252Bgk%2Fg%3D%3D"; VariantName = "[No Variations]"
Add component (AddParameter): Name = "Manufacturer Part Number"; Value = "1206B221M251CT"; VariantName = "[No Variations]"
Add component (AddParameter): Name = "Mouser Part Number"; Value = "791-1206B221M251CT"; VariantName = "[No Variations]"
Add component (AddParameter): Name = "Note"; Value = "Backorder"; VariantName = "[No Variations]"
Add component (AddParameter): Name = "Package"; Value = "1206"; VariantName = "[No Variations]"
Add component (AddParameter): Name = "Part Number"; Value = "1206B221M251CT"; VariantName = "[No Variations]"
Added Component: Designator=C2(1206)
Add component (AddParameter): Name = "HelpURL"; Value = "https://eu.mouser.com/ProductDetail/Walsin/1206B221M251CT?qs=ZrPdAQfJ6DONB%2FPOr%252Bgk%2Fg%3D%3D"; VariantName = "[No Variations]"
Add component (AddParameter): Name = "Manufacturer Part Number"; Value = "1206B221M251CT"; VariantName = "[No Variations]"
Add component (AddParameter): Name = "Mouser Part Number"; Value = "791-1206B221M251CT"; VariantName = "[No Variations]"
Add component (AddParameter): Name = "Note"; Value = "Backorder"; VariantName = "[No Variations]"
Add component (AddParameter): Name = "Package"; Value = "1206"; VariantName = "[No Variations]"
Add component (AddParameter): Name = "Part Number"; Value = "1206B221M251CT"; VariantName = "[No Variations]"
Added Component: Designator=C3(1206)
Add component (AddParameter): Name = "HelpURL"; Value = "https://eu.mouser.com/ProductDetail/Walsin/1206B221M251CT?qs=ZrPdAQfJ6DONB%2FPOr%252Bgk%2Fg%3D%3D"; VariantName = "[No Variations]"
Add component (AddParameter): Name = "Manufacturer Part Number"; Value = "1206B221M251CT"; VariantName = "[No Variations]"
Add component (AddParameter): Name = "Mouser Part Number"; Value = "791-1206B221M251CT"; VariantName = "[No Variations]"
Add component (AddParameter): Name = "Note"; Value = "Backorder"; VariantName = "[No Variations]"
Add component (AddParameter): Name = "Package"; Value = "1206"; VariantName = "[No Variations]"
Add component (AddParameter): Name = "Part Number"; Value = "1206B221M251CT"; VariantName = "[No Variations]"
Added Component: Designator=C4(1206)
Add component (AddParameter): Name = "HelpURL"; Value = "https://eu.mouser.com/ProductDetail/Walsin/1206B221M251CT?qs=ZrPdAQfJ6DONB%2FPOr%252Bgk%2Fg%3D%3D"; VariantName = "[No Variations]"
Add component (AddParameter): Name = "Manufacturer Part Number"; Value = "1206B221M251CT"; VariantName = "[No Variations]"
Add component (AddParameter): Name = "Mouser Part Number"; Value = "791-1206B221M251CT"; VariantName = "[No Variations]"
Add component (AddParameter): Name = "Note"; Value = "Backorder"; VariantName = "[No Variations]"
Add component (AddParameter): Name = "Package"; Value = "1206"; VariantName = "[No Variations]"
Add component (AddParameter): Name = "Part Number"; Value = "1206B221M251CT"; VariantName = "[No Variations]"
Added Component: Designator=C5(1206)
Add component (AddParameter): Name = "HelpURL"; Value = "https://eu.mouser.com/ProductDetail/Walsin/1206B221M251CT?qs=ZrPdAQfJ6DONB%2FPOr%252Bgk%2Fg%3D%3D"; VariantName = "[No Variations]"
Add component (AddParameter): Name = "Manufacturer Part Number"; Value = "1206B221M251CT"; VariantName = "[No Variations]"
Add component (AddParameter): Name = "Mouser Part Number"; Value = "791-1206B221M251CT"; VariantName = "[No Variations]"
Add component (AddParameter): Name = "Note"; Value = "Backorder"; VariantName = "[No Variations]"
Add component (AddParameter): Name = "Package"; Value = "1206"; VariantName = "[No Variations]"
Add component (AddParameter): Name = "Part Number"; Value = "1206B221M251CT"; VariantName = "[No Variations]"
Added Component: Designator=C6(1206)
Add component (AddParameter): Name = "HelpURL"; Value = "https://eu.mouser.com/ProductDetail/Walsin/1206B221M251CT?qs=ZrPdAQfJ6DONB%2FPOr%252Bgk%2Fg%3D%3D"; VariantName = "[No Variations]"
Add component (AddParameter): Name = "Manufacturer Part Number"; Value = "1206B221M251CT"; VariantName = "[No Variations]"
Add component (AddParameter): Name = "Mouser Part Number"; Value = "791-1206B221M251CT"; VariantName = "[No Variations]"
Add component (AddParameter): Name = "Note"; Value = "Backorder"; VariantName = "[No Variations]"
Add component (AddParameter): Name = "Package"; Value = "1206"; VariantName = "[No Variations]"
Add component (AddParameter): Name = "Part Number"; Value = "1206B221M251CT"; VariantName = "[No Variations]"
Added Component: Designator=HL1(LED_3MM_GREEN)
Add component (AddParameter): Name = "Part Number"; Value = "FYL-5013 GD"; VariantName = "[No Variations]"
Added Component: Designator=HL2(LED_3MM_GREEN)
Add component (AddParameter): Name = "Part Number"; Value = "FYL-5013 GD"; VariantName = "[No Variations]"
Added Component: Designator=P1(48037-0001)
Add component (AddParameter): Name = "Part Number"; Value = "48037-0001"; VariantName = "[No Variations]"
Add component (AddParameter): Name = "Поле1"; Value = "USB Connector, USB Type A, USB 2.0, Plug, 4 Ways, Through Hole Mount, Right Angle"; VariantName = "[No Variations]"
Added Component: Designator=P2(502570-0893)
Add component (AddParameter): Name = "Part Number"; Value = "502570-0893"; VariantName = "[No Variations]"
Added Component: Designator=R1(RESC1608(0603)N)
Add component (AddParameter): Name = "HelpURL"; Value = "https://eu.mouser.com/ProductDetail/TE-Connectivity-Holsworthy/CPF0603F137KC1?qs=%2Fha2pyFadujSa3OD4DCoYOqNfY8rbrxkv%2FEBUVUJ1iFL1vG%2FD14mug%3D%3D"; VariantName = "[No Variations]"
Add component (AddParameter): Name = "Manufacturer Part Number"; Value = "CPF0603F137KC1"; VariantName = "[No Variations]"
Add component (AddParameter): Name = "Mouser Part Number"; Value = "279-CPF0603F137KC1"; VariantName = "[No Variations]"
Add component (AddParameter): Name = "Package"; Value = "0603"; VariantName = "[No Variations]"
Add component (AddParameter): Name = "Part Number"; Value = "CPF0603F137KC1"; VariantName = "[No Variations]"
Add component (AddParameter): Name = "Price$"; Value = "0.022"; VariantName = "[No Variations]"
Added Component: Designator=R2(RESC1608(0603)N)
Add component (AddParameter): Name = "HelpURL"; Value = "https://eu.mouser.com/ProductDetail/TE-Connectivity-Holsworthy/CPF0603F137KC1?qs=%2Fha2pyFadujSa3OD4DCoYOqNfY8rbrxkv%2FEBUVUJ1iFL1vG%2FD14mug%3D%3D"; VariantName = "[No Variations]"
Add component (AddParameter): Name = "Manufacturer Part Number"; Value = "CPF0603F137KC1"; VariantName = "[No Variations]"
Add component (AddParameter): Name = "Mouser Part Number"; Value = "279-CPF0603F137KC1"; VariantName = "[No Variations]"
Add component (AddParameter): Name = "Package"; Value = "0603"; VariantName = "[No Variations]"
Add component (AddParameter): Name = "Part Number"; Value = "CPF0603F137KC1"; VariantName = "[No Variations]"
Add component (AddParameter): Name = "Price$"; Value = "0.022"; VariantName = "[No Variations]"
Added Component: Designator=R3(RESC1608(0603)N)
Add component (AddParameter): Name = "HelpURL"; Value = "https://eu.mouser.com/ProductDetail/TE-Connectivity-Holsworthy/CPF0603F137KC1?qs=%2Fha2pyFadujSa3OD4DCoYOqNfY8rbrxkv%2FEBUVUJ1iFL1vG%2FD14mug%3D%3D"; VariantName = "[No Variations]"
Add component (AddParameter): Name = "Manufacturer Part Number"; Value = "CPF0603F137KC1"; VariantName = "[No Variations]"
Add component (AddParameter): Name = "Mouser Part Number"; Value = "279-CPF0603F137KC1"; VariantName = "[No Variations]"
Add component (AddParameter): Name = "Package"; Value = "0603"; VariantName = "[No Variations]"
Add component (AddParameter): Name = "Part Number"; Value = "CPF0603F137KC1"; VariantName = "[No Variations]"
Add component (AddParameter): Name = "Price$"; Value = "0.022"; VariantName = "[No Variations]"
Added Component: Designator=R4(RESC1608(0603)N)
Add component (AddParameter): Name = "HelpURL"; Value = "https://eu.mouser.com/ProductDetail/TE-Connectivity-Holsworthy/CPF0603F137KC1?qs=%2Fha2pyFadujSa3OD4DCoYOqNfY8rbrxkv%2FEBUVUJ1iFL1vG%2FD14mug%3D%3D"; VariantName = "[No Variations]"
Add component (AddParameter): Name = "Manufacturer Part Number"; Value = "CPF0603F137KC1"; VariantName = "[No Variations]"
Add component (AddParameter): Name = "Mouser Part Number"; Value = "279-CPF0603F137KC1"; VariantName = "[No Variations]"
Add component (AddParameter): Name = "Package"; Value = "0603"; VariantName = "[No Variations]"
Add component (AddParameter): Name = "Part Number"; Value = "CPF0603F137KC1"; VariantName = "[No Variations]"
Add component (AddParameter): Name = "Price$"; Value = "0.022"; VariantName = "[No Variations]"
Added Component: Designator=R5(RESC1608(0603)N)
Add component (AddParameter): Name = "HelpURL"; Value = "https://eu.mouser.com/ProductDetail/TE-Connectivity-Holsworthy/CPF0603F137KC1?qs=%2Fha2pyFadujSa3OD4DCoYOqNfY8rbrxkv%2FEBUVUJ1iFL1vG%2FD14mug%3D%3D"; VariantName = "[No Variations]"
Add component (AddParameter): Name = "Manufacturer Part Number"; Value = "CPF0603F137KC1"; VariantName = "[No Variations]"
Add component (AddParameter): Name = "Mouser Part Number"; Value = "279-CPF0603F137KC1"; VariantName = "[No Variations]"
Add component (AddParameter): Name = "Package"; Value = "0603"; VariantName = "[No Variations]"
Add component (AddParameter): Name = "Part Number"; Value = "CPF0603F137KC1"; VariantName = "[No Variations]"
Add component (AddParameter): Name = "Price$"; Value = "0.022"; VariantName = "[No Variations]"
Added Component: Designator=R6(RESC1608(0603)N)
Add component (AddParameter): Name = "HelpURL"; Value = "https://eu.mouser.com/ProductDetail/TE-Connectivity-Holsworthy/CPF0603F137KC1?qs=%2Fha2pyFadujSa3OD4DCoYOqNfY8rbrxkv%2FEBUVUJ1iFL1vG%2FD14mug%3D%3D"; VariantName = "[No Variations]"
Add component (AddParameter): Name = "Manufacturer Part Number"; Value = "CPF0603F137KC1"; VariantName = "[No Variations]"
Add component (AddParameter): Name = "Mouser Part Number"; Value = "279-CPF0603F137KC1"; VariantName = "[No Variations]"
Add component (AddParameter): Name = "Package"; Value = "0603"; VariantName = "[No Variations]"
Add component (AddParameter): Name = "Part Number"; Value = "CPF0603F137KC1"; VariantName = "[No Variations]"
Add component (AddParameter): Name = "Price$"; Value = "0.022"; VariantName = "[No Variations]"
Added Component: Designator=R8(RESC1608(0603)N)
Add component (AddParameter): Name = "HelpURL"; Value = "https://eu.mouser.com/ProductDetail/TE-Connectivity-Holsworthy/CPF0603F137KC1?qs=%2Fha2pyFadujSa3OD4DCoYOqNfY8rbrxkv%2FEBUVUJ1iFL1vG%2FD14mug%3D%3D"; VariantName = "[No Variations]"
Add component (AddParameter): Name = "Manufacturer Part Number"; Value = "CPF0603F137KC1"; VariantName = "[No Variations]"
Add component (AddParameter): Name = "Mouser Part Number"; Value = "279-CPF0603F137KC1"; VariantName = "[No Variations]"
Add component (AddParameter): Name = "Package"; Value = "0603"; VariantName = "[No Variations]"
Add component (AddParameter): Name = "Part Number"; Value = "CPF0603F137KC1"; VariantName = "[No Variations]"
Add component (AddParameter): Name = "Price$"; Value = "0.022"; VariantName = "[No Variations]"
Added Component: Designator=R9(RESC1608(0603)N)
Add component (AddParameter): Name = "HelpURL"; Value = "https://eu.mouser.com/ProductDetail/TE-Connectivity-Holsworthy/CPF0603F137KC1?qs=%2Fha2pyFadujSa3OD4DCoYOqNfY8rbrxkv%2FEBUVUJ1iFL1vG%2FD14mug%3D%3D"; VariantName = "[No Variations]"
Add component (AddParameter): Name = "Manufacturer Part Number"; Value = "CPF0603F137KC1"; VariantName = "[No Variations]"
Add component (AddParameter): Name = "Mouser Part Number"; Value = "279-CPF0603F137KC1"; VariantName = "[No Variations]"
Add component (AddParameter): Name = "Package"; Value = "0603"; VariantName = "[No Variations]"
Add component (AddParameter): Name = "Part Number"; Value = "CPF0603F137KC1"; VariantName = "[No Variations]"
Add component (AddParameter): Name = "Price$"; Value = "0.022"; VariantName = "[No Variations]"
Added Component: Designator=R?(RESC1608(0603)N)
Add component (AddParameter): Name = "HelpURL"; Value = "https://eu.mouser.com/ProductDetail/TE-Connectivity-Holsworthy/CPF0603F137KC1?qs=%2Fha2pyFadujSa3OD4DCoYOqNfY8rbrxkv%2FEBUVUJ1iFL1vG%2FD14mug%3D%3D"; VariantName = "[No Variations]"
Add component (AddParameter): Name = "Manufacturer Part Number"; Value = "CPF0603F137KC1"; VariantName = "[No Variations]"
Add component (AddParameter): Name = "Mouser Part Number"; Value = "279-CPF0603F137KC1"; VariantName = "[No Variations]"
Add component (AddParameter): Name = "Package"; Value = "0603"; VariantName = "[No Variations]"
Add component (AddParameter): Name = "Part Number"; Value = "CPF0603F137KC1"; VariantName = "[No Variations]"
Add component (AddParameter): Name = "Price$"; Value = "0.022"; VariantName = "[No Variations]"
Added Component: Designator=R?(RESC1608(0603)N)
Add component (AddParameter): Name = "HelpURL"; Value = "https://eu.mouser.com/ProductDetail/TE-Connectivity-Holsworthy/CPF0603F137KC1?qs=%2Fha2pyFadujSa3OD4DCoYOqNfY8rbrxkv%2FEBUVUJ1iFL1vG%2FD14mug%3D%3D"; VariantName = "[No Variations]"
Add component (AddParameter): Name = "Manufacturer Part Number"; Value = "CPF0603F137KC1"; VariantName = "[No Variations]"
Add component (AddParameter): Name = "Mouser Part Number"; Value = "279-CPF0603F137KC1"; VariantName = "[No Variations]"
Add component (AddParameter): Name = "Package"; Value = "0603"; VariantName = "[No Variations]"
Add component (AddParameter): Name = "Part Number"; Value = "CPF0603F137KC1"; VariantName = "[No Variations]"
Add component (AddParameter): Name = "Price$"; Value = "0.022"; VariantName = "[No Variations]"
Added Component: Designator=R?(RESC1608(0603)N)
Add component (AddParameter): Name = "HelpURL"; Value = "https://eu.mouser.com/ProductDetail/TE-Connectivity-Holsworthy/CPF0603F137KC1?qs=%2Fha2pyFadujSa3OD4DCoYOqNfY8rbrxkv%2FEBUVUJ1iFL1vG%2FD14mug%3D%3D"; VariantName = "[No Variations]"
Add component (AddParameter): Name = "Manufacturer Part Number"; Value = "CPF0603F137KC1"; VariantName = "[No Variations]"
Add component (AddParameter): Name = "Mouser Part Number"; Value = "279-CPF0603F137KC1"; VariantName = "[No Variations]"
Add component (AddParameter): Name = "Package"; Value = "0603"; VariantName = "[No Variations]"
Add component (AddParameter): Name = "Part Number"; Value = "CPF0603F137KC1"; VariantName = "[No Variations]"
Add component (AddParameter): Name = "Price$"; Value = "0.022"; VariantName = "[No Variations]"
Added Component: Designator=(GL827L)
Add component (AddParameter): Name = "Part Number"; Value = "GL827L"; VariantName = "[No Variations]"
Added Component: Designator=Y1(HC49S-3)
Add component (AddParameter): Name = "Part Number"; Value = "HC49S-3"; VariantName = "[No Variations]"
Added Pin To Net: NetName=GND Pin=C1-1
Added Pin To Net: NetName=GND Pin=C2-1
Added Pin To Net: NetName=GND Pin=C3-1
Added Pin To Net: NetName=+5V Pin=C3-2
Added Pin To Net: NetName=GND Pin=C4-1
Added Pin To Net: NetName=+5V Pin=C4-2
Added Pin To Net: NetName=GND Pin=C5-1
Added Pin To Net: NetName=+3V3 Pin=C5-2
Added Pin To Net: NetName=GND Pin=C6-1
Added Pin To Net: NetName=+3V3 Pin=C6-2
Added Pin To Net: NetName=GND Pin=HL1-2
Added Pin To Net: NetName=GND Pin=HL2-2
Added Pin To Net: NetName=+5V Pin=P1-1
Added Pin To Net: NetName=NetP1_2 Pin=P1-2
Added Pin To Net: NetName=NetP1_3 Pin=P1-3
Added Pin To Net: NetName=GND Pin=P1-4
Added Pin To Net: NetName=GND Pin=P2-3
Added Pin To Net: NetName=+3V3 Pin=R1-2
Added Pin To Net: NetName=+3V3 Pin=R2-2
Added Pin To Net: NetName=+3V3 Pin=R3-2
Added Pin To Net: NetName=+3V3 Pin=R4-2
Added Pin To Net: NetName=NetP1_2 Pin=R5-1
Added Pin To Net: NetName=NetP1_3 Pin=R6-2
Added Pin To Net: NetName=+5V Pin=R8-1
Added Pin To Net: NetName=+3V3 Pin=R8-2
Added Pin To Net: NetName=GND Pin=R9-1
Added Pin To Net: NetName=+5V Pin=R9-2
Added Pin To Net: NetName=+3V3 Pin=R?-2
Added Pin To Net: NetName=Net_1 Pin=C1-2
Added Pin To Net: NetName=Net_1 Pin=Y1-1
Added Net: Name=Net_1
Added Pin To Net: NetName=Net_2 Pin=C2-2
Added Pin To Net: NetName=Net_2 Pin=Y1-2
Added Net: Name=Net_2
Added Pin To Net: NetName=Net_5 Pin=R5-2
Added Net: Name=Net_5
Added Pin To Net: NetName=Net_6 Pin=R6-1
Added Net: Name=Net_6
Added Net: Name=Net_12
Added Pin To Net: NetName=Net_13 Pin=P2-1
Added Pin To Net: NetName=Net_13 Pin=R2-1
Added Net: Name=Net_13
Added Pin To Net: NetName=Net_14 Pin=P2-2
Added Pin To Net: NetName=Net_14 Pin=R1-1
Added Net: Name=Net_14
Added Pin To Net: NetName=Net_15 Pin=P2-4
Added Net: Name=Net_15
Added Pin To Net: NetName=Net_16 Pin=P2-6
Added Net: Name=Net_16
Added Pin To Net: NetName=Net_17 Pin=P2-7
Added Pin To Net: NetName=Net_17 Pin=R4-1
Added Net: Name=Net_17
Added Pin To Net: NetName=Net_18 Pin=P2-8
Added Pin To Net: NetName=Net_18 Pin=R3-1
Added Net: Name=Net_18
Added Pin To Net: NetName=Net_20 Pin=R?-2
Added Net: Name=Net_20
Added Pin To Net: NetName=Net_21 Pin=R?-2
Added Net: Name=Net_21
Added Pin To Net: NetName=Net_22 Pin=R?-1
Added Net: Name=Net_22
Added Pin To Net: NetName=Net_23 Pin=P2-5
Added Net: Name=Net_23
Added Pin To Net: NetName=NetHL1_1 Pin=HL1-1
Added Pin To Net: NetName=NetHL1_1 Pin=R?-1
Added Net: Name=NetHL1_1
Added Pin To Net: NetName=NetHL2_1 Pin=HL2-1
Added Pin To Net: NetName=NetHL2_1 Pin=R?-1
Added Net: Name=NetHL2_1
Added Member To Class: ClassName=TCRME lab3 Member=Component C1 22pF
Added Member To Class: ClassName=TCRME lab3 Member=Component C2 22pF
Added Member To Class: ClassName=TCRME lab3 Member=Component C3 100nF
Added Member To Class: ClassName=TCRME lab3 Member=Component C4 100nF
Added Member To Class: ClassName=TCRME lab3 Member=Component C5 100nF
Added Member To Class: ClassName=TCRME lab3 Member=Component C6 100nF
Added Member To Class: ClassName=TCRME lab3 Member=Component HL1 R&W
Added Member To Class: ClassName=TCRME lab3 Member=Component HL2 PWR
Added Member To Class: ClassName=TCRME lab3 Member=Component P1 48037-0001
Added Member To Class: ClassName=TCRME lab3 Member=Component P2 502570-0893
Added Member To Class: ClassName=TCRME lab3 Member=Component R1 10k ?
Added Member To Class: ClassName=TCRME lab3 Member=Component R2 10k ?
Added Member To Class: ClassName=TCRME lab3 Member=Component R3 10k ?
Added Member To Class: ClassName=TCRME lab3 Member=Component R4 10k ?
Added Member To Class: ClassName=TCRME lab3 Member=Component R5 22 ?
Added Member To Class: ClassName=TCRME lab3 Member=Component R6 22 ?
Added Member To Class: ClassName=TCRME lab3 Member=Component R8 10k ?
Added Member To Class: ClassName=TCRME lab3 Member=Component R9 1k ?
Added Member To Class: ClassName=TCRME lab3 Member=Component R? 330 ?
Added Member To Class: ClassName=TCRME lab3 Member=Component R? 330 ?
Added Member To Class: ClassName=TCRME lab3 Member=Component R? 10k ?
Added Member To Class: ClassName=TCRME lab3 Member=Component  GL827L
Added Member To Class: ClassName=TCRME lab3 Member=Component Y1 HC49S-3
Added Room: Name=TCRME lab3
