Added Component: Designator=C1(1206)
Add component (AddParameter): Name = "HelpURL"; Value = "https://eu.mouser.com/ProductDetail/Walsin/1206B221M251CT?qs=ZrPdAQfJ6DONB%2FPOr%252Bgk%2Fg%3D%3D"; VariantName = "[No Variations]"
Add component (AddParameter): Name = "Manufacturer Part Number"; Value = "1206B221M251CT"; VariantName = "[No Variations]"
Add component (AddParameter): Name = "Mouser Part Number"; Value = "791-1206B221M251CT"; VariantName = "[No Variations]"
Add component (AddParameter): Name = "Note"; Value = "Backorder"; VariantName = "[No Variations]"
Add component (AddParameter): Name = "Package"; Value = "1206"; VariantName = "[No Variations]"
Add component (AddParameter): Name = "Part Number"; Value = "1206B221M251CT"; VariantName = "[No Variations]"
Added Component: Designator=C2(1206)
Add component (AddParameter): Name = "HelpURL"; Value = "https://eu.mouser.com/ProductDetail/Walsin/1206B221M251CT?qs=ZrPdAQfJ6DONB%2FPOr%252Bgk%2Fg%3D%3D"; VariantName = "[No Variations]"
Add component (AddParameter): Name = "Manufacturer Part Number"; Value = "1206B221M251CT"; VariantName = "[No Variations]"
Add component (AddParameter): Name = "Mouser Part Number"; Value = "791-1206B221M251CT"; VariantName = "[No Variations]"
Add component (AddParameter): Name = "Note"; Value = "Backorder"; VariantName = "[No Variations]"
Add component (AddParameter): Name = "Package"; Value = "1206"; VariantName = "[No Variations]"
Add component (AddParameter): Name = "Part Number"; Value = "1206B221M251CT"; VariantName = "[No Variations]"
Added Component: Designator=C3(1206)
Add component (AddParameter): Name = "HelpURL"; Value = "https://eu.mouser.com/ProductDetail/Walsin/1206B221M251CT?qs=ZrPdAQfJ6DONB%2FPOr%252Bgk%2Fg%3D%3D"; VariantName = "[No Variations]"
Add component (AddParameter): Name = "Manufacturer Part Number"; Value = "1206B221M251CT"; VariantName = "[No Variations]"
Add component (AddParameter): Name = "Mouser Part Number"; Value = "791-1206B221M251CT"; VariantName = "[No Variations]"
Add component (AddParameter): Name = "Note"; Value = "Backorder"; VariantName = "[No Variations]"
Add component (AddParameter): Name = "Package"; Value = "1206"; VariantName = "[No Variations]"
Add component (AddParameter): Name = "Part Number"; Value = "1206B221M251CT"; VariantName = "[No Variations]"
Added Component: Designator=C4(1206)
Add component (AddParameter): Name = "HelpURL"; Value = "https://eu.mouser.com/ProductDetail/Walsin/1206B221M251CT?qs=ZrPdAQfJ6DONB%2FPOr%252Bgk%2Fg%3D%3D"; VariantName = "[No Variations]"
Add component (AddParameter): Name = "Manufacturer Part Number"; Value = "1206B221M251CT"; VariantName = "[No Variations]"
Add component (AddParameter): Name = "Mouser Part Number"; Value = "791-1206B221M251CT"; VariantName = "[No Variations]"
Add component (AddParameter): Name = "Note"; Value = "Backorder"; VariantName = "[No Variations]"
Add component (AddParameter): Name = "Package"; Value = "1206"; VariantName = "[No Variations]"
Add component (AddParameter): Name = "Part Number"; Value = "1206B221M251CT"; VariantName = "[No Variations]"
Added Component: Designator=C5(1206)
Add component (AddParameter): Name = "HelpURL"; Value = "https://eu.mouser.com/ProductDetail/Walsin/1206B221M251CT?qs=ZrPdAQfJ6DONB%2FPOr%252Bgk%2Fg%3D%3D"; VariantName = "[No Variations]"
Add component (AddParameter): Name = "Manufacturer Part Number"; Value = "1206B221M251CT"; VariantName = "[No Variations]"
Add component (AddParameter): Name = "Mouser Part Number"; Value = "791-1206B221M251CT"; VariantName = "[No Variations]"
Add component (AddParameter): Name = "Note"; Value = "Backorder"; VariantName = "[No Variations]"
Add component (AddParameter): Name = "Package"; Value = "1206"; VariantName = "[No Variations]"
Add component (AddParameter): Name = "Part Number"; Value = "1206B221M251CT"; VariantName = "[No Variations]"
Added Component: Designator=C6(1206)
Add component (AddParameter): Name = "HelpURL"; Value = "https://eu.mouser.com/ProductDetail/Walsin/1206B221M251CT?qs=ZrPdAQfJ6DONB%2FPOr%252Bgk%2Fg%3D%3D"; VariantName = "[No Variations]"
Add component (AddParameter): Name = "Manufacturer Part Number"; Value = "1206B221M251CT"; VariantName = "[No Variations]"
Add component (AddParameter): Name = "Mouser Part Number"; Value = "791-1206B221M251CT"; VariantName = "[No Variations]"
Add component (AddParameter): Name = "Note"; Value = "Backorder"; VariantName = "[No Variations]"
Add component (AddParameter): Name = "Package"; Value = "1206"; VariantName = "[No Variations]"
Add component (AddParameter): Name = "Part Number"; Value = "1206B221M251CT"; VariantName = "[No Variations]"
Added Component: Designator=C7(1206)
Add component (AddParameter): Name = "HelpURL"; Value = "https://eu.mouser.com/ProductDetail/Walsin/1206B221M251CT?qs=ZrPdAQfJ6DONB%2FPOr%252Bgk%2Fg%3D%3D"; VariantName = "[No Variations]"
Add component (AddParameter): Name = "Manufacturer Part Number"; Value = "1206B221M251CT"; VariantName = "[No Variations]"
Add component (AddParameter): Name = "Mouser Part Number"; Value = "791-1206B221M251CT"; VariantName = "[No Variations]"
Add component (AddParameter): Name = "Note"; Value = "Backorder"; VariantName = "[No Variations]"
Add component (AddParameter): Name = "Package"; Value = "1206"; VariantName = "[No Variations]"
Add component (AddParameter): Name = "Part Number"; Value = "1206B221M251CT"; VariantName = "[No Variations]"
Added Component: Designator=HL1(LED_3MM_GREEN)
Add component (AddParameter): Name = "Part Number"; Value = "FYL-5013 GD"; VariantName = "[No Variations]"
Added Component: Designator=HL2(LED_3MM_GREEN)
Add component (AddParameter): Name = "Part Number"; Value = "FYL-5013 GD"; VariantName = "[No Variations]"
Added Component: Designator=IC1(SOP64P600X175-28N)
Add component (AddParameter): Name = "Arrow Part Number"; Value = ""; VariantName = "[No Variations]"
Add component (AddParameter): Name = "Arrow Price/Stock"; Value = ""; VariantName = "[No Variations]"
Add component (AddParameter): Name = "Datasheet Link"; Value = "https://datasheet.lcsc.com/szlcsc/Genesys-Logic-GL827L-HHY02_C161839.pdf"; VariantName = "[No Variations]"
Add component (AddParameter): Name = "Height"; Value = "1.75mm"; VariantName = "[No Variations]"
Add component (AddParameter): Name = "Manufacturer_Name"; Value = "Genesys Logic"; VariantName = "[No Variations]"
Add component (AddParameter): Name = "Manufacturer_Part_Number"; Value = "GL827L-HHY02"; VariantName = "[No Variations]"
Add component (AddParameter): Name = "Mouser Part Number"; Value = ""; VariantName = "[No Variations]"
Add component (AddParameter): Name = "Mouser Price/Stock"; Value = ""; VariantName = "[No Variations]"
Added Component: Designator=J1(TF01A)
Add component (AddParameter): Name = "Arrow Part Number"; Value = ""; VariantName = "[No Variations]"
Add component (AddParameter): Name = "Arrow Price/Stock"; Value = ""; VariantName = "[No Variations]"
Add component (AddParameter): Name = "Datasheet Link"; Value = "https://datasheet.lcsc.com/szlcsc/1903221101_Korean-Hroparts-Elec-TF-01A_C91145.pdf"; VariantName = "[No Variations]"
Add component (AddParameter): Name = "Height"; Value = "1.85mm"; VariantName = "[No Variations]"
Add component (AddParameter): Name = "Manufacturer_Name"; Value = "Korean Hroparts Elec"; VariantName = "[No Variations]"
Add component (AddParameter): Name = "Manufacturer_Part_Number"; Value = "TF-01A"; VariantName = "[No Variations]"
Add component (AddParameter): Name = "Mouser Part Number"; Value = ""; VariantName = "[No Variations]"
Add component (AddParameter): Name = "Mouser Price/Stock"; Value = ""; VariantName = "[No Variations]"
Added Component: Designator=J2(629004113921)
Add component (AddParameter): Name = "Arrow Part Number"; Value = ""; VariantName = "[No Variations]"
Add component (AddParameter): Name = "Arrow Price/Stock"; Value = ""; VariantName = "[No Variations]"
Add component (AddParameter): Name = "Datasheet Link"; Value = "http://katalog.we-online.de/em/datasheet/629004113921.pdf"; VariantName = "[No Variations]"
Add component (AddParameter): Name = "Manufacturer_Name"; Value = "Wurth Elektronik"; VariantName = "[No Variations]"
Add component (AddParameter): Name = "Manufacturer_Part_Number"; Value = "629004113921"; VariantName = "[No Variations]"
Add component (AddParameter): Name = "Mouser Part Number"; Value = "710-629004113921"; VariantName = "[No Variations]"
Add component (AddParameter): Name = "Mouser Price/Stock"; Value = "https://www.mouser.co.uk/ProductDetail/Wurth-Elektronik/629004113921?qs=35zkduByVmhHRkVkRjAlEQ%3D%3D"; VariantName = "[No Variations]"
Added Component: Designator=R1(RESC1608(0603)N)
Add component (AddParameter): Name = "HelpURL"; Value = "https://eu.mouser.com/ProductDetail/TE-Connectivity-Holsworthy/CPF0603F137KC1?qs=%2Fha2pyFadujSa3OD4DCoYOqNfY8rbrxkv%2FEBUVUJ1iFL1vG%2FD14mug%3D%3D"; VariantName = "[No Variations]"
Add component (AddParameter): Name = "Manufacturer Part Number"; Value = "CPF0603F137KC1"; VariantName = "[No Variations]"
Add component (AddParameter): Name = "Mouser Part Number"; Value = "279-CPF0603F137KC1"; VariantName = "[No Variations]"
Add component (AddParameter): Name = "Package"; Value = "0603"; VariantName = "[No Variations]"
Add component (AddParameter): Name = "Part Number"; Value = "CPF0603F137KC1"; VariantName = "[No Variations]"
Add component (AddParameter): Name = "Price$"; Value = "0.022"; VariantName = "[No Variations]"
Added Component: Designator=R2(RESC1608(0603)N)
Add component (AddParameter): Name = "HelpURL"; Value = "https://eu.mouser.com/ProductDetail/TE-Connectivity-Holsworthy/CPF0603F137KC1?qs=%2Fha2pyFadujSa3OD4DCoYOqNfY8rbrxkv%2FEBUVUJ1iFL1vG%2FD14mug%3D%3D"; VariantName = "[No Variations]"
Add component (AddParameter): Name = "Manufacturer Part Number"; Value = "CPF0603F137KC1"; VariantName = "[No Variations]"
Add component (AddParameter): Name = "Mouser Part Number"; Value = "279-CPF0603F137KC1"; VariantName = "[No Variations]"
Add component (AddParameter): Name = "Package"; Value = "0603"; VariantName = "[No Variations]"
Add component (AddParameter): Name = "Part Number"; Value = "CPF0603F137KC1"; VariantName = "[No Variations]"
Add component (AddParameter): Name = "Price$"; Value = "0.022"; VariantName = "[No Variations]"
Added Component: Designator=R3(RESC1608(0603)N)
Add component (AddParameter): Name = "HelpURL"; Value = "https://eu.mouser.com/ProductDetail/TE-Connectivity-Holsworthy/CPF0603F137KC1?qs=%2Fha2pyFadujSa3OD4DCoYOqNfY8rbrxkv%2FEBUVUJ1iFL1vG%2FD14mug%3D%3D"; VariantName = "[No Variations]"
Add component (AddParameter): Name = "Manufacturer Part Number"; Value = "CPF0603F137KC1"; VariantName = "[No Variations]"
Add component (AddParameter): Name = "Mouser Part Number"; Value = "279-CPF0603F137KC1"; VariantName = "[No Variations]"
Add component (AddParameter): Name = "Package"; Value = "0603"; VariantName = "[No Variations]"
Add component (AddParameter): Name = "Part Number"; Value = "CPF0603F137KC1"; VariantName = "[No Variations]"
Add component (AddParameter): Name = "Price$"; Value = "0.022"; VariantName = "[No Variations]"
Added Component: Designator=R4(RESC1608(0603)N)
Add component (AddParameter): Name = "HelpURL"; Value = "https://eu.mouser.com/ProductDetail/TE-Connectivity-Holsworthy/CPF0603F137KC1?qs=%2Fha2pyFadujSa3OD4DCoYOqNfY8rbrxkv%2FEBUVUJ1iFL1vG%2FD14mug%3D%3D"; VariantName = "[No Variations]"
Add component (AddParameter): Name = "Manufacturer Part Number"; Value = "CPF0603F137KC1"; VariantName = "[No Variations]"
Add component (AddParameter): Name = "Mouser Part Number"; Value = "279-CPF0603F137KC1"; VariantName = "[No Variations]"
Add component (AddParameter): Name = "Package"; Value = "0603"; VariantName = "[No Variations]"
Add component (AddParameter): Name = "Part Number"; Value = "CPF0603F137KC1"; VariantName = "[No Variations]"
Add component (AddParameter): Name = "Price$"; Value = "0.022"; VariantName = "[No Variations]"
Added Component: Designator=R5(RESC1608(0603)N)
Add component (AddParameter): Name = "HelpURL"; Value = "https://eu.mouser.com/ProductDetail/TE-Connectivity-Holsworthy/CPF0603F137KC1?qs=%2Fha2pyFadujSa3OD4DCoYOqNfY8rbrxkv%2FEBUVUJ1iFL1vG%2FD14mug%3D%3D"; VariantName = "[No Variations]"
Add component (AddParameter): Name = "Manufacturer Part Number"; Value = "CPF0603F137KC1"; VariantName = "[No Variations]"
Add component (AddParameter): Name = "Mouser Part Number"; Value = "279-CPF0603F137KC1"; VariantName = "[No Variations]"
Add component (AddParameter): Name = "Package"; Value = "0603"; VariantName = "[No Variations]"
Add component (AddParameter): Name = "Part Number"; Value = "CPF0603F137KC1"; VariantName = "[No Variations]"
Add component (AddParameter): Name = "Price$"; Value = "0.022"; VariantName = "[No Variations]"
Added Component: Designator=R6(RESC1608(0603)N)
Add component (AddParameter): Name = "HelpURL"; Value = "https://eu.mouser.com/ProductDetail/TE-Connectivity-Holsworthy/CPF0603F137KC1?qs=%2Fha2pyFadujSa3OD4DCoYOqNfY8rbrxkv%2FEBUVUJ1iFL1vG%2FD14mug%3D%3D"; VariantName = "[No Variations]"
Add component (AddParameter): Name = "Manufacturer Part Number"; Value = "CPF0603F137KC1"; VariantName = "[No Variations]"
Add component (AddParameter): Name = "Mouser Part Number"; Value = "279-CPF0603F137KC1"; VariantName = "[No Variations]"
Add component (AddParameter): Name = "Package"; Value = "0603"; VariantName = "[No Variations]"
Add component (AddParameter): Name = "Part Number"; Value = "CPF0603F137KC1"; VariantName = "[No Variations]"
Add component (AddParameter): Name = "Price$"; Value = "0.022"; VariantName = "[No Variations]"
Added Component: Designator=R7(RESC1608(0603)N)
Add component (AddParameter): Name = "HelpURL"; Value = "https://eu.mouser.com/ProductDetail/TE-Connectivity-Holsworthy/CPF0603F137KC1?qs=%2Fha2pyFadujSa3OD4DCoYOqNfY8rbrxkv%2FEBUVUJ1iFL1vG%2FD14mug%3D%3D"; VariantName = "[No Variations]"
Add component (AddParameter): Name = "Manufacturer Part Number"; Value = "CPF0603F137KC1"; VariantName = "[No Variations]"
Add component (AddParameter): Name = "Mouser Part Number"; Value = "279-CPF0603F137KC1"; VariantName = "[No Variations]"
Add component (AddParameter): Name = "Package"; Value = "0603"; VariantName = "[No Variations]"
Add component (AddParameter): Name = "Part Number"; Value = "CPF0603F137KC1"; VariantName = "[No Variations]"
Add component (AddParameter): Name = "Price$"; Value = "0.022"; VariantName = "[No Variations]"
Added Component: Designator=R8(RESC1608(0603)N)
Add component (AddParameter): Name = "HelpURL"; Value = "https://eu.mouser.com/ProductDetail/TE-Connectivity-Holsworthy/CPF0603F137KC1?qs=%2Fha2pyFadujSa3OD4DCoYOqNfY8rbrxkv%2FEBUVUJ1iFL1vG%2FD14mug%3D%3D"; VariantName = "[No Variations]"
Add component (AddParameter): Name = "Manufacturer Part Number"; Value = "CPF0603F137KC1"; VariantName = "[No Variations]"
Add component (AddParameter): Name = "Mouser Part Number"; Value = "279-CPF0603F137KC1"; VariantName = "[No Variations]"
Add component (AddParameter): Name = "Package"; Value = "0603"; VariantName = "[No Variations]"
Add component (AddParameter): Name = "Part Number"; Value = "CPF0603F137KC1"; VariantName = "[No Variations]"
Add component (AddParameter): Name = "Price$"; Value = "0.022"; VariantName = "[No Variations]"
Added Component: Designator=R9(RESC1608(0603)N)
Add component (AddParameter): Name = "HelpURL"; Value = "https://eu.mouser.com/ProductDetail/TE-Connectivity-Holsworthy/CPF0603F137KC1?qs=%2Fha2pyFadujSa3OD4DCoYOqNfY8rbrxkv%2FEBUVUJ1iFL1vG%2FD14mug%3D%3D"; VariantName = "[No Variations]"
Add component (AddParameter): Name = "Manufacturer Part Number"; Value = "CPF0603F137KC1"; VariantName = "[No Variations]"
Add component (AddParameter): Name = "Mouser Part Number"; Value = "279-CPF0603F137KC1"; VariantName = "[No Variations]"
Add component (AddParameter): Name = "Package"; Value = "0603"; VariantName = "[No Variations]"
Add component (AddParameter): Name = "Part Number"; Value = "CPF0603F137KC1"; VariantName = "[No Variations]"
Add component (AddParameter): Name = "Price$"; Value = "0.022"; VariantName = "[No Variations]"
Added Component: Designator=R10(RESC1608(0603)N)
Add component (AddParameter): Name = "HelpURL"; Value = "https://eu.mouser.com/ProductDetail/TE-Connectivity-Holsworthy/CPF0603F137KC1?qs=%2Fha2pyFadujSa3OD4DCoYOqNfY8rbrxkv%2FEBUVUJ1iFL1vG%2FD14mug%3D%3D"; VariantName = "[No Variations]"
Add component (AddParameter): Name = "Manufacturer Part Number"; Value = "CPF0603F137KC1"; VariantName = "[No Variations]"
Add component (AddParameter): Name = "Mouser Part Number"; Value = "279-CPF0603F137KC1"; VariantName = "[No Variations]"
Add component (AddParameter): Name = "Package"; Value = "0603"; VariantName = "[No Variations]"
Add component (AddParameter): Name = "Part Number"; Value = "CPF0603F137KC1"; VariantName = "[No Variations]"
Add component (AddParameter): Name = "Price$"; Value = "0.022"; VariantName = "[No Variations]"
Added Component: Designator=R11(RESC1608(0603)N)
Add component (AddParameter): Name = "HelpURL"; Value = "https://eu.mouser.com/ProductDetail/TE-Connectivity-Holsworthy/CPF0603F137KC1?qs=%2Fha2pyFadujSa3OD4DCoYOqNfY8rbrxkv%2FEBUVUJ1iFL1vG%2FD14mug%3D%3D"; VariantName = "[No Variations]"
Add component (AddParameter): Name = "Manufacturer Part Number"; Value = "CPF0603F137KC1"; VariantName = "[No Variations]"
Add component (AddParameter): Name = "Mouser Part Number"; Value = "279-CPF0603F137KC1"; VariantName = "[No Variations]"
Add component (AddParameter): Name = "Package"; Value = "0603"; VariantName = "[No Variations]"
Add component (AddParameter): Name = "Part Number"; Value = "CPF0603F137KC1"; VariantName = "[No Variations]"
Add component (AddParameter): Name = "Price$"; Value = "0.022"; VariantName = "[No Variations]"
Added Component: Designator=Y1(HC49S-3)
Add component (AddParameter): Name = "Part Number"; Value = "HC49S-3"; VariantName = "[No Variations]"
Added Pin To Net: NetName=GND Pin=C1-1
Added Pin To Net: NetName=NetC1_2 Pin=C1-2
Added Pin To Net: NetName=GND Pin=C2-1
Added Pin To Net: NetName=NetC2_2 Pin=C2-2
Added Pin To Net: NetName=GND Pin=C3-1
Added Pin To Net: NetName=NetC3_2 Pin=C3-2
Added Pin To Net: NetName=GND Pin=C4-1
Added Pin To Net: NetName=+5V Pin=C4-2
Added Pin To Net: NetName=GND Pin=C5-1
Added Pin To Net: NetName=+5V Pin=C5-2
Added Pin To Net: NetName=GND Pin=C6-1
Added Pin To Net: NetName=+3V3 Pin=C6-2
Added Pin To Net: NetName=GND Pin=C7-1
Added Pin To Net: NetName=+3V3 Pin=C7-2
Added Pin To Net: NetName=NetHL1_1 Pin=HL1-1
Added Pin To Net: NetName=GND Pin=HL1-2
Added Pin To Net: NetName=NetHL2_1 Pin=HL2-1
Added Pin To Net: NetName=GND Pin=HL2-2
Added Pin To Net: NetName=NetIC1_1 Pin=IC1-1
Added Pin To Net: NetName=NetIC1_2 Pin=IC1-2
Added Pin To Net: NetName=NetIC1_1 Pin=IC1-3
Added Pin To Net: NetName=NetC1_2 Pin=IC1-4
Added Pin To Net: NetName=NetC2_2 Pin=IC1-5
Added Pin To Net: NetName=GND Pin=IC1-6
Added Pin To Net: NetName=+3V3 Pin=IC1-7
Added Pin To Net: NetName=NetIC1_8 Pin=IC1-8
Added Pin To Net: NetName=NetIC1_9 Pin=IC1-9
Added Pin To Net: NetName=NetIC1_10 Pin=IC1-10
Added Pin To Net: NetName=+3V3 Pin=IC1-11
Added Pin To Net: NetName=+5V Pin=IC1-12
Added Pin To Net: NetName=NetC3_2 Pin=IC1-13
Added Pin To Net: NetName=NetIC1_15 Pin=IC1-15
Added Pin To Net: NetName=NetIC1_16 Pin=IC1-16
Added Pin To Net: NetName=NetIC1_17 Pin=IC1-17
Added Pin To Net: NetName=NetIC1_20 Pin=IC1-20
Added Pin To Net: NetName=NetIC1_22 Pin=IC1-22
Added Pin To Net: NetName=NetIC1_24 Pin=IC1-24
Added Pin To Net: NetName=NetIC1_25 Pin=IC1-25
Added Pin To Net: NetName=NetIC1_27 Pin=IC1-27
Added Pin To Net: NetName=NetIC1_28 Pin=IC1-28
Added Pin To Net: NetName=NetIC1_25 Pin=J1-1
Added Pin To Net: NetName=NetIC1_24 Pin=J1-2
Added Pin To Net: NetName=NetIC1_22 Pin=J1-3
Added Pin To Net: NetName=NetIC1_2 Pin=J1-4
Added Pin To Net: NetName=NetIC1_20 Pin=J1-5
Added Pin To Net: NetName=GND Pin=J1-6
Added Pin To Net: NetName=NetIC1_17 Pin=J1-7
Added Pin To Net: NetName=NetIC1_16 Pin=J1-8
Added Pin To Net: NetName=NetIC1_15 Pin=J1-CD1
Added Pin To Net: NetName=GND Pin=J1-MP1
Added Pin To Net: NetName=GND Pin=J1-MP2
Added Pin To Net: NetName=GND Pin=J1-MP3
Added Pin To Net: NetName=GND Pin=J1-MP4
Added Pin To Net: NetName=+5V Pin=J2-1
Added Pin To Net: NetName=GND Pin=J2-4
Added Pin To Net: NetName=NetIC1_25 Pin=R1-1
Added Pin To Net: NetName=+3V3 Pin=R1-2
Added Pin To Net: NetName=NetIC1_24 Pin=R2-1
Added Pin To Net: NetName=+3V3 Pin=R2-2
Added Pin To Net: NetName=NetIC1_17 Pin=R3-1
Added Pin To Net: NetName=+3V3 Pin=R3-2
Added Pin To Net: NetName=NetIC1_16 Pin=R4-1
Added Pin To Net: NetName=+3V3 Pin=R4-2
Added Pin To Net: NetName=NetIC1_9 Pin=R5-2
Added Pin To Net: NetName=NetIC1_8 Pin=R6-1
Added Pin To Net: NetName=NetC3_2 Pin=R7-1
Added Pin To Net: NetName=+3V3 Pin=R7-2
Added Pin To Net: NetName=NetIC1_1 Pin=R8-1
Added Pin To Net: NetName=+3V3 Pin=R8-2
Added Pin To Net: NetName=NetIC1_10 Pin=R9-1
Added Pin To Net: NetName=GND Pin=R9-2
Added Pin To Net: NetName=NetHL1_1 Pin=R10-1
Added Pin To Net: NetName=NetIC1_27 Pin=R10-2
Added Pin To Net: NetName=NetHL2_1 Pin=R11-1
Added Pin To Net: NetName=NetIC1_28 Pin=R11-2
Added Pin To Net: NetName=NetC1_2 Pin=Y1-1
Added Pin To Net: NetName=NetC2_2 Pin=Y1-2
Added Pin To Net: NetName=NetJ2_2 Pin=J2-2
Added Pin To Net: NetName=NetJ2_2 Pin=R5-1
Added Net: Name=NetJ2_2
Added Pin To Net: NetName=NetJ2_3 Pin=J2-3
Added Pin To Net: NetName=NetJ2_3 Pin=R6-2
Added Net: Name=NetJ2_3
Added Member To Class: ClassName=TCRME lab3 Member=Component C1 22pF
Added Member To Class: ClassName=TCRME lab3 Member=Component C2 22pF
Added Member To Class: ClassName=TCRME lab3 Member=Component C3 0.1 uF
Added Member To Class: ClassName=TCRME lab3 Member=Component C4 0.1 uF
Added Member To Class: ClassName=TCRME lab3 Member=Component C5 0.1 uF
Added Member To Class: ClassName=TCRME lab3 Member=Component C6 0.1 uF
Added Member To Class: ClassName=TCRME lab3 Member=Component C7 0.1 uF
Added Member To Class: ClassName=TCRME lab3 Member=Component HL1 R&W
Added Member To Class: ClassName=TCRME lab3 Member=Component HL2 PWR
Added Member To Class: ClassName=TCRME lab3 Member=Component IC1 GL827L-HHY02
Added Member To Class: ClassName=TCRME lab3 Member=Component J1 TF-01A
Added Member To Class: ClassName=TCRME lab3 Member=Component J2 629004113921
Added Member To Class: ClassName=TCRME lab3 Member=Component R1 10k ?
Added Member To Class: ClassName=TCRME lab3 Member=Component R2 10k ?
Added Member To Class: ClassName=TCRME lab3 Member=Component R3 10k ?
Added Member To Class: ClassName=TCRME lab3 Member=Component R4 10k ?
Added Member To Class: ClassName=TCRME lab3 Member=Component R5 22 ?
Added Member To Class: ClassName=TCRME lab3 Member=Component R6 22 ?
Added Member To Class: ClassName=TCRME lab3 Member=Component R7 10k ?
Added Member To Class: ClassName=TCRME lab3 Member=Component R8 10k ?
Added Member To Class: ClassName=TCRME lab3 Member=Component R9 1k ?
Added Member To Class: ClassName=TCRME lab3 Member=Component R10 330 ?
Added Member To Class: ClassName=TCRME lab3 Member=Component R11 330 ?
Added Member To Class: ClassName=TCRME lab3 Member=Component Y1 HC49S-3
Added Room: Name=TCRME lab3
